********************************************************************************
DUPLICATOR-LITE PACKAGE-LOG: 6th September 2023 9:33 am
NOTICE: Do NOT post to public sites or forums 
********************************************************************************
VERSION:	1.5.5.1
WORDPRESS:	6.3
PHP INFO:	7.4.33 | SAPI: apache2handler
SERVER:		Apache/2.4.57 (Unix) OpenSSL/3.1.1 PHP/7.4.33 
PHP TIME LIMIT: (0) no time limit imposed 
PHP MAX MEMORY: 4294967296 (128M default) 
MEMORY STACK: 2MB

********************************************************************************
DATABASE:
********************************************************************************
BUILD MODE:   MYSQLDUMP
MYSQLTIMEOUT: 5000
MYSQLDUMP:    Is Supported
SQL CREATED: hutchi_20230904_5aee62801cd67eea7272_20230906093158_database.sql
SQL FILE SIZE: 2MB (2099225)
SQL FILE TIME: 2023-09-06 09:33:43
SQL RUNTIME: 0.14 sec.

********************************************************************************
ARCHIVE (ZIP):
********************************************************************************
ARCHIVE DIR:  /Users/crawford/NewNow/999/Hutchison Tech/Hutchi/hutchi_repo/www
ARCHIVE FILE: hutchi_20230904_5aee62801cd67eea7272_20230906093158_archive.zip
FILTERS: *OFF*
DIRS:
	not set
FILES:
	not set
EXTS:  not set
----------------------------------------
COMPRESSING
SIZE:	201.72MB
STATS:	Dirs 3,081 | Files 18,376
SQL ADDED: hutchi_20230904_5aee62801cd67eea7272_20230906093158_database.sql
ZipArchive Object
(
    [status] => 0
    [statusSys] => 0
    [numFiles] => 21457
    [filename] => /Users/crawford/NewNow/999/Hutchison Tech/Hutchi/hutchi_repo/www/wp-content/backups-dup-lite/tmp/hutchi_20230904_5aee62801cd67eea7272_20230906093158_archive.zip
    [comment] => 
)

FILE ADDED TO ZIP: 21456
COMPRESSION RESULT: '1'
COMPRESSED SIZE: 70.7MB
ARCHIVE RUNTIME: 15.61 sec.
MEMORY STACK: 7.39MB
building installer
ARCHIVE CONSISTENCY TEST: PASS

********************************************************************************
INTEGRITY CHECKS:
********************************************************************************
SQL FILE: 2MB
INSTALLER FILE: 73.47KB
ARCHIVE FILE: 72.79MB 
EXPECTED FILE/DIRECTORY COUNT: 21,457
ACTUAL FILE/DIRECTORY COUNT: 21,456
ARCHIVE CONSISTENCY TEST: Pass

********************************************************************************
RECORD ID:[18]
TOTAL PROCESS RUNTIME: 25.06 sec.
PEAK PHP MEMORY USED: 11.39MB
DONE PROCESSING => hutchi_20230904 6th September 2023 9:34 am

